[debug] [2018-06-26T12:41:27.554Z] ----------------------------------------------------------------------
[debug] [2018-06-26T12:41:27.555Z] Command:       /usr/local/bin/node /usr/local/bin/firebase deploy --only functions
[debug] [2018-06-26T12:41:27.556Z] CLI Version:   3.18.5
[debug] [2018-06-26T12:41:27.556Z] Platform:      darwin
[debug] [2018-06-26T12:41:27.556Z] Node Version:  v8.11.2
[debug] [2018-06-26T12:41:27.556Z] Time:          Tue Jun 26 2018 07:41:27 GMT-0500 (-05)
[debug] [2018-06-26T12:41:27.556Z] ----------------------------------------------------------------------
[debug] 
[debug] [2018-06-26T12:41:27.564Z] > command requires scopes: ["email","openid","https://www.googleapis.com/auth/cloudplatformprojects.readonly","https://www.googleapis.com/auth/firebase","https://www.googleapis.com/auth/cloud-platform"]
[debug] [2018-06-26T12:41:27.565Z] > authorizing via signed-in user
[debug] [2018-06-26T12:41:27.566Z] >>> HTTP REQUEST GET https://admin.firebase.com/v1/projects/zamy-d9d98  
  
 Tue Jun 26 2018 07:41:27 GMT-0500 (-05)
[debug] [2018-06-26T12:41:29.367Z] <<< HTTP RESPONSE 200
[debug] [2018-06-26T12:41:29.368Z] >>> HTTP REQUEST GET https://admin.firebase.com/v1/database/zamy-d9d98/tokens  
  
 Tue Jun 26 2018 07:41:29 GMT-0500 (-05)
[debug] [2018-06-26T12:41:30.393Z] <<< HTTP RESPONSE 200
[info] 
[info] === Deploying to 'zamy-d9d98'...
[info] 
[info] i  deploying functions
[info] Running command: npm --prefix "$RESOURCE_DIR" run lint
[info] ✔  functions: Finished running predeploy script.
[debug] [2018-06-26T12:41:35.182Z] > [functions] package.json contents: {
  "name": "functions",
  "description": "Cloud Functions for Firebase",
  "scripts": {
    "lint": "eslint .",
    "serve": "firebase serve --only functions",
    "shell": "firebase functions:shell",
    "start": "npm run shell",
    "deploy": "firebase deploy --only functions",
    "logs": "firebase functions:log"
  },
  "dependencies": {
    "@types/crypto-js": "^3.1.41",
    "crypto-js": "^3.1.9-1",
    "firebase-admin": "~5.12.1",
    "firebase-functions": "^1.0.3",
    "nodemailer": "^4.6.7",
    "nodemailer-smtp-transport": "^2.7.4"
  },
  "devDependencies": {
    "eslint": "^4.12.0",
    "eslint-plugin-promise": "^3.6.0"
  },
  "private": true
}
[info] i  functions: ensuring necessary APIs are enabled...
[debug] [2018-06-26T12:41:35.182Z] >>> HTTP REQUEST GET https://servicemanagement.googleapis.com/v1/services/cloudfunctions.googleapis.com/projectSettings/zamy-d9d98?view=CONSUMER_VIEW  
  
 Tue Jun 26 2018 07:41:35 GMT-0500 (-05)
[debug] [2018-06-26T12:41:35.183Z] >>> HTTP REQUEST GET https://servicemanagement.googleapis.com/v1/services/runtimeconfig.googleapis.com/projectSettings/zamy-d9d98?view=CONSUMER_VIEW  
  
 Tue Jun 26 2018 07:41:35 GMT-0500 (-05)
[debug] [2018-06-26T12:41:36.442Z] <<< HTTP RESPONSE 200
[debug] [2018-06-26T12:41:36.855Z] <<< HTTP RESPONSE 200
[info] ✔  functions: all necessary APIs are enabled
[debug] [2018-06-26T12:41:36.856Z] >>> HTTP REQUEST GET https://cloudresourcemanager.googleapis.com/v1/projects/zamy-d9d98  
  
 Tue Jun 26 2018 07:41:36 GMT-0500 (-05)
[debug] [2018-06-26T12:41:37.803Z] <<< HTTP RESPONSE 200
[debug] [2018-06-26T12:41:37.803Z] >>> HTTP REQUEST GET https://mobilesdk-pa.googleapis.com/v1/projects/859727227209:getServerAppConfig  
  
 Tue Jun 26 2018 07:41:37 GMT-0500 (-05)
[debug] [2018-06-26T12:41:39.063Z] <<< HTTP RESPONSE 200
[info] i  functions: preparing functions directory for uploading...
[debug] [2018-06-26T12:41:39.065Z] >>> HTTP REQUEST GET https://runtimeconfig.googleapis.com/v1beta1/projects/zamy-d9d98/configs  
  
 Tue Jun 26 2018 07:41:39 GMT-0500 (-05)
[debug] [2018-06-26T12:41:40.218Z] <<< HTTP RESPONSE 200
[debug] [2018-06-26T12:41:40.219Z] >>> HTTP REQUEST GET https://runtimeconfig.googleapis.com/v1beta1/projects/zamy-d9d98/configs/sendgrid/variables  
  
 Tue Jun 26 2018 07:41:40 GMT-0500 (-05)
[debug] [2018-06-26T12:41:40.220Z] >>> HTTP REQUEST GET https://runtimeconfig.googleapis.com/v1beta1/projects/zamy-d9d98/configs/gmail/variables  
  
 Tue Jun 26 2018 07:41:40 GMT-0500 (-05)
[debug] [2018-06-26T12:41:40.946Z] <<< HTTP RESPONSE 200
[debug] [2018-06-26T12:41:40.946Z] >>> HTTP REQUEST GET https://runtimeconfig.googleapis.com/v1beta1/projects/zamy-d9d98/configs/sendgrid/variables/key  
  
 Tue Jun 26 2018 07:41:40 GMT-0500 (-05)
[debug] [2018-06-26T12:41:40.971Z] <<< HTTP RESPONSE 200
[debug] [2018-06-26T12:41:40.971Z] >>> HTTP REQUEST GET https://runtimeconfig.googleapis.com/v1beta1/projects/zamy-d9d98/configs/gmail/variables/password  
  
 Tue Jun 26 2018 07:41:40 GMT-0500 (-05)
[debug] [2018-06-26T12:41:40.972Z] >>> HTTP REQUEST GET https://runtimeconfig.googleapis.com/v1beta1/projects/zamy-d9d98/configs/gmail/variables/email  
  
 Tue Jun 26 2018 07:41:40 GMT-0500 (-05)
[debug] [2018-06-26T12:41:41.650Z] <<< HTTP RESPONSE 200
[debug] [2018-06-26T12:41:41.651Z] <<< HTTP RESPONSE 200
[debug] [2018-06-26T12:41:41.712Z] <<< HTTP RESPONSE 200
[info] i  functions: packaged functions (52.03 KB) for uploading
[debug] [2018-06-26T12:41:41.971Z] >>> HTTP REQUEST POST https://cloudfunctions.googleapis.com/v1/projects/zamy-d9d98/locations/us-central1/functions:generateUploadUrl  
  
 Tue Jun 26 2018 07:41:41 GMT-0500 (-05)
[debug] [2018-06-26T12:41:43.260Z] <<< HTTP RESPONSE 200
[debug] [2018-06-26T12:41:43.261Z] >>> HTTP REQUEST PUT https://storage.googleapis.com/gcf-upload-us-central1-fbfa65ed-e19b-4a79-9178-8f753d700f82/1e410d03-0499-4a4c-befd-adbb46aabfe9.zip?GoogleAccessId=service-859727227209@gcf-admin-robot.iam.gserviceaccount.com&Expires=1530018702&Signature=K49dIwr2A%2FhMtO6kkKa5wDdS2vJDb69z1S%2Bz5DwHOFzT95PWzA7XeRXghzuPqRv09A4MowjoaWHiPqhHUx5Zzci52VVyZDjKtt8JSp%2BSLvygbgqeh5Y0QYDAHNJnGM2HK1hvHiVVk0f6O8bOszwasleLQzIgOni4KeZ3hKh2ssygSclguVR4v3fhlYm5MWp%2BtSaEzv%2BSlZoVZJGe9MQDXfjbsieRYNfDjEBp%2FNSXgLTSCKhUIgJOpCLB9hNPn4mTE9ADaHcL4O9qavg%2BelRaWWN0CSyMRkzr1OEM%2FEQpCnqchMEc%2F74iPr2Iqxl%2BhySKYEQS4sFwvEs2K8Relfj9Eg%3D%3D  
 ReadStream {
  _readableState: 
   ReadableState {
     objectMode: false,
     highWaterMark: 65536,
     buffer: BufferList { head: [Object], tail: [Object], length: 1 },
     length: 53283,
     pipes: null,
     pipesCount: 0,
     flowing: null,
     ended: true,
     endEmitted: false,
     reading: false,
     sync: false,
     needReadable: false,
     emittedReadable: true,
     readableListening: false,
     resumeScheduled: false,
     destroyed: false,
     defaultEncoding: 'utf8',
     awaitDrain: 0,
     readingMore: false,
     decoder: null,
     encoding: null },
  readable: true,
  domain: null,
  _events: { end: [Function] },
  _eventsCount: 1,
  _maxListeners: undefined,
  path: '/var/folders/g0/hxnvh_5n38q6dmzmypm5wyw80000gn/T/firebase-functions-1787d2hJrdpaTtfG.zip',
  fd: 19,
  flags: 'r',
  mode: 438,
  start: undefined,
  end: Infinity,
  autoClose: true,
  pos: undefined,
  bytesRead: 53283 } 
 Tue Jun 26 2018 07:41:43 GMT-0500 (-05)
[debug] [2018-06-26T12:41:44.845Z] <<< HTTP RESPONSE 200
[info] ✔  functions: functions folder uploaded successfully
[debug] [2018-06-26T12:41:44.848Z] >>> HTTP REQUEST GET https://cloudfunctions.googleapis.com/v1/projects/zamy-d9d98/locations/us-central1/functions  
  
 Tue Jun 26 2018 07:41:44 GMT-0500 (-05)
[debug] [2018-06-26T12:41:45.747Z] <<< HTTP RESPONSE 200
[info] i  functions: creating function createNotification...
[debug] [2018-06-26T12:41:45.749Z] Trigger is:  {"eventTrigger":{"resource":"projects/zamy-d9d98/databases/(default)/documents/events/{eventId}","eventType":"providers/cloud.firestore/eventTypes/document.update","service":"firestore.googleapis.com"}}
[info] i  functions: updating function sendZamyWelcomeEmail...
[debug] [2018-06-26T12:41:45.749Z] Trigger is:  {"eventTrigger":{"resource":"projects/zamy-d9d98/databases/(default)/documents/mails/{mailId}","eventType":"providers/cloud.firestore/eventTypes/document.create","service":"firestore.googleapis.com"}}
[info] i  functions: updating function createNewUser...
[debug] [2018-06-26T12:41:45.750Z] Trigger is:  {"eventTrigger":{"resource":"projects/zamy-d9d98/databases/(default)/documents/users/{userId}","eventType":"providers/cloud.firestore/eventTypes/document.update","service":"firestore.googleapis.com"}}
[debug] [2018-06-26T12:41:45.753Z] >>> HTTP REQUEST POST https://cloudfunctions.googleapis.com/v1/projects/zamy-d9d98/locations/us-central1/functions  
 { sourceUploadUrl: 'https://storage.googleapis.com/gcf-upload-us-central1-fbfa65ed-e19b-4a79-9178-8f753d700f82/1e410d03-0499-4a4c-befd-adbb46aabfe9.zip?GoogleAccessId=service-859727227209@gcf-admin-robot.iam.gserviceaccount.com&Expires=1530018702&Signature=K49dIwr2A%2FhMtO6kkKa5wDdS2vJDb69z1S%2Bz5DwHOFzT95PWzA7XeRXghzuPqRv09A4MowjoaWHiPqhHUx5Zzci52VVyZDjKtt8JSp%2BSLvygbgqeh5Y0QYDAHNJnGM2HK1hvHiVVk0f6O8bOszwasleLQzIgOni4KeZ3hKh2ssygSclguVR4v3fhlYm5MWp%2BtSaEzv%2BSlZoVZJGe9MQDXfjbsieRYNfDjEBp%2FNSXgLTSCKhUIgJOpCLB9hNPn4mTE9ADaHcL4O9qavg%2BelRaWWN0CSyMRkzr1OEM%2FEQpCnqchMEc%2F74iPr2Iqxl%2BhySKYEQS4sFwvEs2K8Relfj9Eg%3D%3D',
  name: 'projects/zamy-d9d98/locations/us-central1/functions/createNotification',
  entryPoint: 'createNotification',
  labels: { 'deployment-tool': 'cli-firebase' },
  eventTrigger: 
   { resource: 'projects/zamy-d9d98/databases/(default)/documents/events/{eventId}',
     eventType: 'providers/cloud.firestore/eventTypes/document.update',
     service: 'firestore.googleapis.com' } } 
 Tue Jun 26 2018 07:41:45 GMT-0500 (-05)
[debug] [2018-06-26T12:41:45.754Z] >>> HTTP REQUEST PATCH https://cloudfunctions.googleapis.com/v1/projects/zamy-d9d98/locations/us-central1/functions/sendZamyWelcomeEmail 
query params: {"updateMask":"sourceUploadUrl,name,labels,eventTrigger.resource,eventTrigger.eventType,eventTrigger.service"} 
 { sourceUploadUrl: 'https://storage.googleapis.com/gcf-upload-us-central1-fbfa65ed-e19b-4a79-9178-8f753d700f82/1e410d03-0499-4a4c-befd-adbb46aabfe9.zip?GoogleAccessId=service-859727227209@gcf-admin-robot.iam.gserviceaccount.com&Expires=1530018702&Signature=K49dIwr2A%2FhMtO6kkKa5wDdS2vJDb69z1S%2Bz5DwHOFzT95PWzA7XeRXghzuPqRv09A4MowjoaWHiPqhHUx5Zzci52VVyZDjKtt8JSp%2BSLvygbgqeh5Y0QYDAHNJnGM2HK1hvHiVVk0f6O8bOszwasleLQzIgOni4KeZ3hKh2ssygSclguVR4v3fhlYm5MWp%2BtSaEzv%2BSlZoVZJGe9MQDXfjbsieRYNfDjEBp%2FNSXgLTSCKhUIgJOpCLB9hNPn4mTE9ADaHcL4O9qavg%2BelRaWWN0CSyMRkzr1OEM%2FEQpCnqchMEc%2F74iPr2Iqxl%2BhySKYEQS4sFwvEs2K8Relfj9Eg%3D%3D',
  name: 'projects/zamy-d9d98/locations/us-central1/functions/sendZamyWelcomeEmail',
  labels: { 'deployment-tool': 'cli-firebase' },
  eventTrigger: 
   { resource: 'projects/zamy-d9d98/databases/(default)/documents/mails/{mailId}',
     eventType: 'providers/cloud.firestore/eventTypes/document.create',
     service: 'firestore.googleapis.com' } } 
 Tue Jun 26 2018 07:41:45 GMT-0500 (-05)
[debug] [2018-06-26T12:41:45.755Z] >>> HTTP REQUEST PATCH https://cloudfunctions.googleapis.com/v1/projects/zamy-d9d98/locations/us-central1/functions/createNewUser 
query params: {"updateMask":"sourceUploadUrl,name,labels,eventTrigger.resource,eventTrigger.eventType,eventTrigger.service"} 
 { sourceUploadUrl: 'https://storage.googleapis.com/gcf-upload-us-central1-fbfa65ed-e19b-4a79-9178-8f753d700f82/1e410d03-0499-4a4c-befd-adbb46aabfe9.zip?GoogleAccessId=service-859727227209@gcf-admin-robot.iam.gserviceaccount.com&Expires=1530018702&Signature=K49dIwr2A%2FhMtO6kkKa5wDdS2vJDb69z1S%2Bz5DwHOFzT95PWzA7XeRXghzuPqRv09A4MowjoaWHiPqhHUx5Zzci52VVyZDjKtt8JSp%2BSLvygbgqeh5Y0QYDAHNJnGM2HK1hvHiVVk0f6O8bOszwasleLQzIgOni4KeZ3hKh2ssygSclguVR4v3fhlYm5MWp%2BtSaEzv%2BSlZoVZJGe9MQDXfjbsieRYNfDjEBp%2FNSXgLTSCKhUIgJOpCLB9hNPn4mTE9ADaHcL4O9qavg%2BelRaWWN0CSyMRkzr1OEM%2FEQpCnqchMEc%2F74iPr2Iqxl%2BhySKYEQS4sFwvEs2K8Relfj9Eg%3D%3D',
  name: 'projects/zamy-d9d98/locations/us-central1/functions/createNewUser',
  labels: { 'deployment-tool': 'cli-firebase' },
  eventTrigger: 
   { resource: 'projects/zamy-d9d98/databases/(default)/documents/users/{userId}',
     eventType: 'providers/cloud.firestore/eventTypes/document.update',
     service: 'firestore.googleapis.com' } } 
 Tue Jun 26 2018 07:41:45 GMT-0500 (-05)
[debug] [2018-06-26T12:41:46.977Z] <<< HTTP RESPONSE 200
[debug] [2018-06-26T12:41:46.993Z] <<< HTTP RESPONSE 200
[debug] [2018-06-26T12:41:46.994Z] <<< HTTP RESPONSE 200
[debug] [2018-06-26T12:41:46.995Z] >>> HTTP REQUEST GET https://cloudfunctions.googleapis.com/v1/operations/emFteS1kOWQ5OC91cy1jZW50cmFsMS9jcmVhdGVOb3RpZmljYXRpb24vVTV3ZmpzVGNMQjQ  
  
 Tue Jun 26 2018 07:41:46 GMT-0500 (-05)
[debug] [2018-06-26T12:41:46.996Z] >>> HTTP REQUEST GET https://cloudfunctions.googleapis.com/v1/operations/emFteS1kOWQ5OC91cy1jZW50cmFsMS9zZW5kWmFteVdlbGNvbWVFbWFpbC9FaU1vN0NSMmJFUQ  
  
 Tue Jun 26 2018 07:41:46 GMT-0500 (-05)
[debug] [2018-06-26T12:41:46.996Z] >>> HTTP REQUEST GET https://cloudfunctions.googleapis.com/v1/operations/emFteS1kOWQ5OC91cy1jZW50cmFsMS9jcmVhdGVOZXdVc2VyL25uMHBQV0FpY2hR  
  
 Tue Jun 26 2018 07:41:46 GMT-0500 (-05)
[debug] [2018-06-26T12:41:47.877Z] <<< HTTP RESPONSE 200
[debug] [2018-06-26T12:41:48.411Z] <<< HTTP RESPONSE 200
[debug] [2018-06-26T12:41:48.412Z] <<< HTTP RESPONSE 200
[debug] [2018-06-26T12:41:49.879Z] >>> HTTP REQUEST GET https://cloudfunctions.googleapis.com/v1/operations/emFteS1kOWQ5OC91cy1jZW50cmFsMS9jcmVhdGVOb3RpZmljYXRpb24vVTV3ZmpzVGNMQjQ  
  
 Tue Jun 26 2018 07:41:49 GMT-0500 (-05)
[debug] [2018-06-26T12:41:50.414Z] >>> HTTP REQUEST GET https://cloudfunctions.googleapis.com/v1/operations/emFteS1kOWQ5OC91cy1jZW50cmFsMS9zZW5kWmFteVdlbGNvbWVFbWFpbC9FaU1vN0NSMmJFUQ  
  
 Tue Jun 26 2018 07:41:50 GMT-0500 (-05)
[debug] [2018-06-26T12:41:50.418Z] >>> HTTP REQUEST GET https://cloudfunctions.googleapis.com/v1/operations/emFteS1kOWQ5OC91cy1jZW50cmFsMS9jcmVhdGVOZXdVc2VyL25uMHBQV0FpY2hR  
  
 Tue Jun 26 2018 07:41:50 GMT-0500 (-05)
[debug] [2018-06-26T12:41:51.078Z] <<< HTTP RESPONSE 200
[debug] [2018-06-26T12:41:51.181Z] <<< HTTP RESPONSE 200
[debug] [2018-06-26T12:41:51.189Z] <<< HTTP RESPONSE 200
